<?xml version="1.0" encoding="utf-8"?>
<test-run id="2" name="Incapsulation.Weights.exe" fullname="D:/обучение/Incapsulation.Weights.csproj/bin/Debug/Incapsulation.Weights.exe" testcasecount="27" result="Failed" start-time="2021-02-13 14:50:06Z" end-time="2021-02-13 14:50:44Z" duration="37.393644" total="27" passed="25" failed="2" inconclusive="0" skipped="0" asserts="17" random-seed="1497641573">
  <command-line><![CDATA["D:\обучение\Incapsulation.Weights.csproj\bin\Debug\Incapsulation.Weights.exe" ]]></command-line>
  <filter />
  <test-suite type="Assembly" id="1034" name="Incapsulation.Weights.exe" fullname="D:/обучение/Incapsulation.Weights.csproj/bin/Debug/Incapsulation.Weights.exe" runstate="Runnable" testcasecount="27" result="Failed" site="Child" start-time="2021-02-13 14:50:06Z" end-time="2021-02-13 14:50:44Z" duration="37.393644" total="27" passed="25" failed="2" warnings="0" inconclusive="0" skipped="0" asserts="17">
    <environment framework-version="3.6.0.0" clr-version="4.0.30319.42000" os-version="Microsoft Windows NT 6.2.9200.0" platform="Win32NT" cwd="D:\обучение\Incapsulation.Weights.csproj\bin\Debug" machine-name="DESKTOP-1LCDLH7" user="user" user-domain="DESKTOP-1LCDLH7" culture="en-US" uiculture="ru-RU" os-architecture="x86" />
    <settings>
      <setting name="WorkDirectory" value="D:\обучение\Incapsulation.Weights.csproj\bin\Debug" />
      <setting name="NumberOfTestWorkers" value="4" />
    </settings>
    <properties>
      <property name="_PID" value="13052" />
      <property name="_APPDOMAIN" value="Incapsulation.Weights.exe" />
    </properties>
    <failure>
      <message><![CDATA[One or more child tests had errors]]></message>
    </failure>
    <test-suite type="TestSuite" id="1035" name="Incapsulation" fullname="Incapsulation" runstate="Runnable" testcasecount="27" result="Failed" site="Child" start-time="2021-02-13 14:50:06Z" end-time="2021-02-13 14:50:44Z" duration="37.380758" total="27" passed="25" failed="2" warnings="0" inconclusive="0" skipped="0" asserts="17">
      <failure>
        <message><![CDATA[One or more child tests had errors]]></message>
      </failure>
      <test-suite type="TestSuite" id="1036" name="Weights" fullname="Incapsulation.Weights" runstate="Runnable" testcasecount="27" result="Failed" site="Child" start-time="2021-02-13 14:50:06Z" end-time="2021-02-13 14:50:44Z" duration="37.376730" total="27" passed="25" failed="2" warnings="0" inconclusive="0" skipped="0" asserts="17">
        <failure>
          <message><![CDATA[One or more child tests had errors]]></message>
        </failure>
        <test-suite type="TestFixture" id="1000" name="Indexer_should" fullname="Incapsulation.Weights.Indexer_should" classname="Incapsulation.Weights.Indexer_should" runstate="Runnable" testcasecount="27" result="Failed" site="Child" start-time="2021-02-13 14:50:06Z" end-time="2021-02-13 14:50:44Z" duration="37.371750" total="27" passed="25" failed="2" warnings="0" inconclusive="0" skipped="0" asserts="17">
          <failure>
            <message><![CDATA[One or more child tests had errors]]></message>
          </failure>
          <test-suite type="ParameterizedMethod" id="1017" name="ConstructorFails_WhenRangeIsInvalid" fullname="Incapsulation.Weights.Indexer_should.ConstructorFails_WhenRangeIsInvalid" classname="Incapsulation.Weights.Indexer_should" runstate="Runnable" testcasecount="8" result="Passed" start-time="2021-02-13 14:50:06Z" end-time="2021-02-13 14:50:12Z" duration="5.498263" total="8" passed="8" failed="0" warnings="0" inconclusive="0" skipped="0" asserts="8">
            <test-case id="1009" name="ConstructorFails_WhenRangeIsInvalid(-1,3)" fullname="Incapsulation.Weights.Indexer_should.ConstructorFails_WhenRangeIsInvalid(-1,3)" methodname="ConstructorFails_WhenRangeIsInvalid" classname="Incapsulation.Weights.Indexer_should" runstate="Runnable" seed="1759589217" result="Passed" start-time="2021-02-13 14:50:06Z" end-time="2021-02-13 14:50:08Z" duration="1.690778" asserts="1" />
            <test-case id="1010" name="ConstructorFails_WhenRangeIsInvalid(1,-1)" fullname="Incapsulation.Weights.Indexer_should.ConstructorFails_WhenRangeIsInvalid(1,-1)" methodname="ConstructorFails_WhenRangeIsInvalid" classname="Incapsulation.Weights.Indexer_should" runstate="Runnable" seed="910273224" result="Passed" start-time="2021-02-13 14:50:08Z" end-time="2021-02-13 14:50:09Z" duration="0.495306" asserts="1" />
            <test-case id="1011" name="ConstructorFails_WhenRangeIsInvalid(1,10)" fullname="Incapsulation.Weights.Indexer_should.ConstructorFails_WhenRangeIsInvalid(1,10)" methodname="ConstructorFails_WhenRangeIsInvalid" classname="Incapsulation.Weights.Indexer_should" runstate="Runnable" seed="1146857730" result="Passed" start-time="2021-02-13 14:50:09Z" end-time="2021-02-13 14:50:09Z" duration="0.528612" asserts="1" />
            <test-case id="1012" name="ConstructorFails_WhenRangeIsInvalid(0,5)" fullname="Incapsulation.Weights.Indexer_should.ConstructorFails_WhenRangeIsInvalid(0,5)" methodname="ConstructorFails_WhenRangeIsInvalid" classname="Incapsulation.Weights.Indexer_should" runstate="Runnable" seed="1067530107" result="Passed" start-time="2021-02-13 14:50:09Z" end-time="2021-02-13 14:50:10Z" duration="0.504589" asserts="1" />
            <test-case id="1013" name="ConstructorFails_WhenRangeIsInvalid(1,4)" fullname="Incapsulation.Weights.Indexer_should.ConstructorFails_WhenRangeIsInvalid(1,4)" methodname="ConstructorFails_WhenRangeIsInvalid" classname="Incapsulation.Weights.Indexer_should" runstate="Runnable" seed="39469226" result="Passed" start-time="2021-02-13 14:50:10Z" end-time="2021-02-13 14:50:10Z" duration="0.531037" asserts="1" />
            <test-case id="1014" name="ConstructorFails_WhenRangeIsInvalid(2,3)" fullname="Incapsulation.Weights.Indexer_should.ConstructorFails_WhenRangeIsInvalid(2,3)" methodname="ConstructorFails_WhenRangeIsInvalid" classname="Incapsulation.Weights.Indexer_should" runstate="Runnable" seed="1008317472" result="Passed" start-time="2021-02-13 14:50:10Z" end-time="2021-02-13 14:50:11Z" duration="0.572768" asserts="1" />
            <test-case id="1015" name="ConstructorFails_WhenRangeIsInvalid(3,2)" fullname="Incapsulation.Weights.Indexer_should.ConstructorFails_WhenRangeIsInvalid(3,2)" methodname="ConstructorFails_WhenRangeIsInvalid" classname="Incapsulation.Weights.Indexer_should" runstate="Runnable" seed="1624689362" result="Passed" start-time="2021-02-13 14:50:11Z" end-time="2021-02-13 14:50:11Z" duration="0.557123" asserts="1" />
            <test-case id="1016" name="ConstructorFails_WhenRangeIsInvalid(4,1)" fullname="Incapsulation.Weights.Indexer_should.ConstructorFails_WhenRangeIsInvalid(4,1)" methodname="ConstructorFails_WhenRangeIsInvalid" classname="Incapsulation.Weights.Indexer_should" runstate="Runnable" seed="544996250" result="Passed" start-time="2021-02-13 14:50:11Z" end-time="2021-02-13 14:50:12Z" duration="0.584250" asserts="1" />
          </test-suite>
          <test-suite type="ParameterizedMethod" id="1027" name="ConstructorNotFail_WhenRangeIsValid" fullname="Incapsulation.Weights.Indexer_should.ConstructorNotFail_WhenRangeIsValid" classname="Incapsulation.Weights.Indexer_should" runstate="Runnable" testcasecount="9" result="Passed" start-time="2021-02-13 14:50:12Z" end-time="2021-02-13 14:50:12Z" duration="0.036073" total="9" passed="9" failed="0" warnings="0" inconclusive="0" skipped="0" asserts="0">
            <test-case id="1018" name="ConstructorNotFail_WhenRangeIsValid(0,0)" fullname="Incapsulation.Weights.Indexer_should.ConstructorNotFail_WhenRangeIsValid(0,0)" methodname="ConstructorNotFail_WhenRangeIsValid" classname="Incapsulation.Weights.Indexer_should" runstate="Runnable" seed="11897156" result="Passed" start-time="2021-02-13 14:50:12Z" end-time="2021-02-13 14:50:12Z" duration="0.000209" asserts="0" />
            <test-case id="1019" name="ConstructorNotFail_WhenRangeIsValid(0,1)" fullname="Incapsulation.Weights.Indexer_should.ConstructorNotFail_WhenRangeIsValid(0,1)" methodname="ConstructorNotFail_WhenRangeIsValid" classname="Incapsulation.Weights.Indexer_should" runstate="Runnable" seed="1310930278" result="Passed" start-time="2021-02-13 14:50:12Z" end-time="2021-02-13 14:50:12Z" duration="0.000096" asserts="0" />
            <test-case id="1020" name="ConstructorNotFail_WhenRangeIsValid(0,4)" fullname="Incapsulation.Weights.Indexer_should.ConstructorNotFail_WhenRangeIsValid(0,4)" methodname="ConstructorNotFail_WhenRangeIsValid" classname="Incapsulation.Weights.Indexer_should" runstate="Runnable" seed="730957788" result="Passed" start-time="2021-02-13 14:50:12Z" end-time="2021-02-13 14:50:12Z" duration="0.000095" asserts="0" />
            <test-case id="1021" name="ConstructorNotFail_WhenRangeIsValid(1,0)" fullname="Incapsulation.Weights.Indexer_should.ConstructorNotFail_WhenRangeIsValid(1,0)" methodname="ConstructorNotFail_WhenRangeIsValid" classname="Incapsulation.Weights.Indexer_should" runstate="Runnable" seed="1703653019" result="Passed" start-time="2021-02-13 14:50:12Z" end-time="2021-02-13 14:50:12Z" duration="0.000111" asserts="0" />
            <test-case id="1022" name="ConstructorNotFail_WhenRangeIsValid(1,1)" fullname="Incapsulation.Weights.Indexer_should.ConstructorNotFail_WhenRangeIsValid(1,1)" methodname="ConstructorNotFail_WhenRangeIsValid" classname="Incapsulation.Weights.Indexer_should" runstate="Runnable" seed="1156740459" result="Passed" start-time="2021-02-13 14:50:12Z" end-time="2021-02-13 14:50:12Z" duration="0.000095" asserts="0" />
            <test-case id="1023" name="ConstructorNotFail_WhenRangeIsValid(1,3)" fullname="Incapsulation.Weights.Indexer_should.ConstructorNotFail_WhenRangeIsValid(1,3)" methodname="ConstructorNotFail_WhenRangeIsValid" classname="Incapsulation.Weights.Indexer_should" runstate="Runnable" seed="718520441" result="Passed" start-time="2021-02-13 14:50:12Z" end-time="2021-02-13 14:50:12Z" duration="0.000074" asserts="0" />
            <test-case id="1024" name="ConstructorNotFail_WhenRangeIsValid(3,0)" fullname="Incapsulation.Weights.Indexer_should.ConstructorNotFail_WhenRangeIsValid(3,0)" methodname="ConstructorNotFail_WhenRangeIsValid" classname="Incapsulation.Weights.Indexer_should" runstate="Runnable" seed="116905667" result="Passed" start-time="2021-02-13 14:50:12Z" end-time="2021-02-13 14:50:12Z" duration="0.000113" asserts="0" />
            <test-case id="1025" name="ConstructorNotFail_WhenRangeIsValid(3,1)" fullname="Incapsulation.Weights.Indexer_should.ConstructorNotFail_WhenRangeIsValid(3,1)" methodname="ConstructorNotFail_WhenRangeIsValid" classname="Incapsulation.Weights.Indexer_should" runstate="Runnable" seed="64447150" result="Passed" start-time="2021-02-13 14:50:12Z" end-time="2021-02-13 14:50:12Z" duration="0.000095" asserts="0" />
            <test-case id="1026" name="ConstructorNotFail_WhenRangeIsValid(4,0)" fullname="Incapsulation.Weights.Indexer_should.ConstructorNotFail_WhenRangeIsValid(4,0)" methodname="ConstructorNotFail_WhenRangeIsValid" classname="Incapsulation.Weights.Indexer_should" runstate="Runnable" seed="179443582" result="Passed" start-time="2021-02-13 14:50:12Z" end-time="2021-02-13 14:50:12Z" duration="0.000094" asserts="0" />
          </test-suite>
          <test-suite type="ParameterizedMethod" id="1004" name="GetCorrectly" fullname="Incapsulation.Weights.Indexer_should.GetCorrectly" classname="Incapsulation.Weights.Indexer_should" runstate="Runnable" testcasecount="2" result="Failed" site="Child" start-time="2021-02-13 14:50:12Z" end-time="2021-02-13 14:50:14Z" duration="1.513382" total="2" passed="1" failed="1" warnings="0" inconclusive="0" skipped="0" asserts="1">
            <failure>
              <message><![CDATA[One or more child tests had errors]]></message>
            </failure>
            <test-case id="1002" name="GetCorrectly(0,2)" fullname="Incapsulation.Weights.Indexer_should.GetCorrectly(0,2)" methodname="GetCorrectly" classname="Incapsulation.Weights.Indexer_should" runstate="Runnable" seed="2009015225" result="Passed" start-time="2021-02-13 14:50:12Z" end-time="2021-02-13 14:50:12Z" duration="0.009694" asserts="1" />
            <test-case id="1003" name="GetCorrectly(1,3)" fullname="Incapsulation.Weights.Indexer_should.GetCorrectly(1,3)" methodname="GetCorrectly" classname="Incapsulation.Weights.Indexer_should" runstate="Runnable" seed="335797940" result="Failed" label="Error" start-time="2021-02-13 14:50:12Z" end-time="2021-02-13 14:50:14Z" duration="1.496972" asserts="0">
              <failure>
                <message><![CDATA[System.IndexOutOfRangeException : Индекс находился вне границ массива.]]></message>
                <stack-trace><![CDATA[   в Incapsulation.Weights.Indexer.get_Item(Int32 index) в D:\обучение\Incapsulation.Weights.csproj\Indexer.cs:строка 36
   в Incapsulation.Weights.Indexer_should.GetCorrectly(Int32 index, Int32 value) в D:\обучение\Incapsulation.Weights.csproj\Indexer_should.cs:строка 24]]></stack-trace>
              </failure>
            </test-case>
          </test-suite>
          <test-case id="1001" name="HaveCorrectLength" fullname="Incapsulation.Weights.Indexer_should.HaveCorrectLength" methodname="HaveCorrectLength" classname="Incapsulation.Weights.Indexer_should" runstate="Runnable" seed="1433386994" result="Passed" start-time="2021-02-13 14:50:14Z" end-time="2021-02-13 14:50:14Z" duration="0.000725" asserts="1" />
          <test-case id="1008" name="IndexerDoesNotCopyArray" fullname="Incapsulation.Weights.Indexer_should.IndexerDoesNotCopyArray" methodname="IndexerDoesNotCopyArray" classname="Incapsulation.Weights.Indexer_should" runstate="Runnable" seed="1039980098" result="Passed" start-time="2021-02-13 14:50:14Z" end-time="2021-02-13 14:50:21Z" duration="7.131927" asserts="1" />
          <test-suite type="ParameterizedMethod" id="1030" name="IndexerGetter_Fails_WhenIndexIsWrong" fullname="Incapsulation.Weights.Indexer_should.IndexerGetter_Fails_WhenIndexIsWrong" classname="Incapsulation.Weights.Indexer_should" runstate="Runnable" testcasecount="2" result="Passed" start-time="2021-02-13 14:50:21Z" end-time="2021-02-13 14:50:29Z" duration="8.094516" total="2" passed="2" failed="0" warnings="0" inconclusive="0" skipped="0" asserts="2">
            <test-case id="1028" name="IndexerGetter_Fails_WhenIndexIsWrong(-1)" fullname="Incapsulation.Weights.Indexer_should.IndexerGetter_Fails_WhenIndexIsWrong(-1)" methodname="IndexerGetter_Fails_WhenIndexIsWrong" classname="Incapsulation.Weights.Indexer_should" runstate="Runnable" seed="2012069675" result="Passed" start-time="2021-02-13 14:50:21Z" end-time="2021-02-13 14:50:26Z" duration="4.944401" asserts="1" />
            <test-case id="1029" name="IndexerGetter_Fails_WhenIndexIsWrong(2)" fullname="Incapsulation.Weights.Indexer_should.IndexerGetter_Fails_WhenIndexIsWrong(2)" methodname="IndexerGetter_Fails_WhenIndexIsWrong" classname="Incapsulation.Weights.Indexer_should" runstate="Runnable" seed="577674063" result="Passed" start-time="2021-02-13 14:50:26Z" end-time="2021-02-13 14:50:29Z" duration="3.143336" asserts="1" />
          </test-suite>
          <test-suite type="ParameterizedMethod" id="1033" name="IndexerSetter_Fails_WhenIndexIsWrong" fullname="Incapsulation.Weights.Indexer_should.IndexerSetter_Fails_WhenIndexIsWrong" classname="Incapsulation.Weights.Indexer_should" runstate="Runnable" testcasecount="2" result="Passed" start-time="2021-02-13 14:50:29Z" end-time="2021-02-13 14:50:37Z" duration="8.166605" total="2" passed="2" failed="0" warnings="0" inconclusive="0" skipped="0" asserts="2">
            <test-case id="1031" name="IndexerSetter_Fails_WhenIndexIsWrong(-1)" fullname="Incapsulation.Weights.Indexer_should.IndexerSetter_Fails_WhenIndexIsWrong(-1)" methodname="IndexerSetter_Fails_WhenIndexIsWrong" classname="Incapsulation.Weights.Indexer_should" runstate="Runnable" seed="1858284200" result="Passed" start-time="2021-02-13 14:50:29Z" end-time="2021-02-13 14:50:33Z" duration="4.430693" asserts="1" />
            <test-case id="1032" name="IndexerSetter_Fails_WhenIndexIsWrong(2)" fullname="Incapsulation.Weights.Indexer_should.IndexerSetter_Fails_WhenIndexIsWrong(2)" methodname="IndexerSetter_Fails_WhenIndexIsWrong" classname="Incapsulation.Weights.Indexer_should" runstate="Runnable" seed="1515084034" result="Passed" start-time="2021-02-13 14:50:33Z" end-time="2021-02-13 14:50:37Z" duration="3.729120" asserts="1" />
          </test-suite>
          <test-suite type="ParameterizedMethod" id="1007" name="SetCorrectly" fullname="Incapsulation.Weights.Indexer_should.SetCorrectly" classname="Incapsulation.Weights.Indexer_should" runstate="Runnable" testcasecount="2" result="Failed" site="Child" start-time="2021-02-13 14:50:37Z" end-time="2021-02-13 14:50:44Z" duration="6.891843" total="2" passed="1" failed="1" warnings="0" inconclusive="0" skipped="0" asserts="2">
            <failure>
              <message><![CDATA[One or more child tests had errors]]></message>
            </failure>
            <test-case id="1005" name="SetCorrectly(0)" fullname="Incapsulation.Weights.Indexer_should.SetCorrectly(0)" methodname="SetCorrectly" classname="Incapsulation.Weights.Indexer_should" runstate="Runnable" seed="174846567" result="Passed" start-time="2021-02-13 14:50:37Z" end-time="2021-02-13 14:50:42Z" duration="5.331539" asserts="2" />
            <test-case id="1006" name="SetCorrectly(1)" fullname="Incapsulation.Weights.Indexer_should.SetCorrectly(1)" methodname="SetCorrectly" classname="Incapsulation.Weights.Indexer_should" runstate="Runnable" seed="659728762" result="Failed" label="Error" start-time="2021-02-13 14:50:42Z" end-time="2021-02-13 14:50:44Z" duration="1.553294" asserts="0">
              <failure>
                <message><![CDATA[System.IndexOutOfRangeException : Индекс находился вне границ массива.]]></message>
                <stack-trace><![CDATA[   в Incapsulation.Weights.Indexer.set_Item(Int32 index, Double value) в D:\обучение\Incapsulation.Weights.csproj\Indexer.cs:строка 43
   в Incapsulation.Weights.Indexer_should.SetCorrectly(Int32 index) в D:\обучение\Incapsulation.Weights.csproj\Indexer_should.cs:строка 32]]></stack-trace>
              </failure>
            </test-case>
          </test-suite>
        </test-suite>
      </test-suite>
    </test-suite>
  </test-suite>
</test-run>